08-Apr-2022 15:51:27.988 INFO [main] org.apache.catalina.startup.VersionLoggerListener.log Server version name:   Apache Tomcat/8.5.78
08-Apr-2022 15:51:27.990 INFO [main] org.apache.catalina.startup.VersionLoggerListener.log Server built:          Mar 31 2022 16:05:28 UTC
08-Apr-2022 15:51:27.992 INFO [main] org.apache.catalina.startup.VersionLoggerListener.log Server version number: 8.5.78.0
08-Apr-2022 15:51:27.992 INFO [main] org.apache.catalina.startup.VersionLoggerListener.log OS Name:               Windows 10
08-Apr-2022 15:51:27.992 INFO [main] org.apache.catalina.startup.VersionLoggerListener.log OS Version:            10.0
08-Apr-2022 15:51:27.992 INFO [main] org.apache.catalina.startup.VersionLoggerListener.log Architecture:          amd64
08-Apr-2022 15:51:27.992 INFO [main] org.apache.catalina.startup.VersionLoggerListener.log Java Home:             C:\Program Files\Java\jdk1.8.0_231\jre
08-Apr-2022 15:51:27.993 INFO [main] org.apache.catalina.startup.VersionLoggerListener.log JVM Version:           1.8.0_231-b11
08-Apr-2022 15:51:27.993 INFO [main] org.apache.catalina.startup.VersionLoggerListener.log JVM Vendor:            Oracle Corporation
08-Apr-2022 15:51:27.993 INFO [main] org.apache.catalina.startup.VersionLoggerListener.log CATALINA_BASE:         E:\Leonardo\apache-tomcat-8.5.78
08-Apr-2022 15:51:27.993 INFO [main] org.apache.catalina.startup.VersionLoggerListener.log CATALINA_HOME:         E:\Leonardo\apache-tomcat-8.5.78
08-Apr-2022 15:51:27.993 INFO [main] org.apache.catalina.startup.VersionLoggerListener.log Command line argument: -Djava.util.logging.config.file=E:\Leonardo\apache-tomcat-8.5.78\conf\logging.properties
08-Apr-2022 15:51:27.993 INFO [main] org.apache.catalina.startup.VersionLoggerListener.log Command line argument: -Djava.util.logging.manager=org.apache.juli.ClassLoaderLogManager
08-Apr-2022 15:51:27.993 INFO [main] org.apache.catalina.startup.VersionLoggerListener.log Command line argument: -Djdk.tls.ephemeralDHKeySize=2048
08-Apr-2022 15:51:27.994 INFO [main] org.apache.catalina.startup.VersionLoggerListener.log Command line argument: -Djava.protocol.handler.pkgs=org.apache.catalina.webresources
08-Apr-2022 15:51:27.994 INFO [main] org.apache.catalina.startup.VersionLoggerListener.log Command line argument: -Dignore.endorsed.dirs=
08-Apr-2022 15:51:27.994 INFO [main] org.apache.catalina.startup.VersionLoggerListener.log Command line argument: -Dcatalina.base=E:\Leonardo\apache-tomcat-8.5.78
08-Apr-2022 15:51:27.994 INFO [main] org.apache.catalina.startup.VersionLoggerListener.log Command line argument: -Dcatalina.home=E:\Leonardo\apache-tomcat-8.5.78
08-Apr-2022 15:51:27.994 INFO [main] org.apache.catalina.startup.VersionLoggerListener.log Command line argument: -Djava.io.tmpdir=E:\Leonardo\apache-tomcat-8.5.78\temp
08-Apr-2022 15:51:27.994 INFO [main] org.apache.catalina.core.AprLifecycleListener.lifecycleEvent Loaded Apache Tomcat Native library [1.2.32] using APR version [1.7.0].
08-Apr-2022 15:51:27.994 INFO [main] org.apache.catalina.core.AprLifecycleListener.lifecycleEvent APR capabilities: IPv6 [true], sendfile [true], accept filters [false], random [true], UDS [{4}].
08-Apr-2022 15:51:27.994 INFO [main] org.apache.catalina.core.AprLifecycleListener.lifecycleEvent APR/OpenSSL configuration: useAprConnector [false], useOpenSSL [true]
08-Apr-2022 15:51:28.029 INFO [main] org.apache.catalina.core.AprLifecycleListener.initializeSSL OpenSSL successfully initialized [OpenSSL 1.1.1n  15 Mar 2022]
08-Apr-2022 15:51:30.367 INFO [main] org.apache.coyote.AbstractProtocol.init Initializing ProtocolHandler ["http-nio-8080"]
08-Apr-2022 15:51:30.985 INFO [main] org.apache.catalina.startup.Catalina.load Initialization processed in 4987 ms
08-Apr-2022 15:51:31.442 INFO [main] org.apache.catalina.core.StandardService.startInternal Starting service [Catalina]
08-Apr-2022 15:51:31.443 INFO [main] org.apache.catalina.core.StandardEngine.startInternal Starting Servlet engine: [Apache Tomcat/8.5.78]
08-Apr-2022 15:51:31.617 INFO [localhost-startStop-1] org.apache.catalina.startup.HostConfig.deployDirectory Deploying web application directory [E:\Leonardo\apache-tomcat-8.5.78\webapps\docs]
08-Apr-2022 15:51:32.285 INFO [localhost-startStop-1] org.apache.catalina.startup.HostConfig.deployDirectory Deployment of web application directory [E:\Leonardo\apache-tomcat-8.5.78\webapps\docs] has finished in [667] ms
08-Apr-2022 15:51:32.285 INFO [localhost-startStop-1] org.apache.catalina.startup.HostConfig.deployDirectory Deploying web application directory [E:\Leonardo\apache-tomcat-8.5.78\webapps\examples]
08-Apr-2022 15:51:32.792 INFO [localhost-startStop-1] org.apache.catalina.startup.HostConfig.deployDirectory Deployment of web application directory [E:\Leonardo\apache-tomcat-8.5.78\webapps\examples] has finished in [507] ms
08-Apr-2022 15:51:32.792 INFO [localhost-startStop-1] org.apache.catalina.startup.HostConfig.deployDirectory Deploying web application directory [E:\Leonardo\apache-tomcat-8.5.78\webapps\host-manager]
08-Apr-2022 15:51:32.851 INFO [localhost-startStop-1] org.apache.catalina.startup.HostConfig.deployDirectory Deployment of web application directory [E:\Leonardo\apache-tomcat-8.5.78\webapps\host-manager] has finished in [58] ms
08-Apr-2022 15:51:32.851 INFO [localhost-startStop-1] org.apache.catalina.startup.HostConfig.deployDirectory Deploying web application directory [E:\Leonardo\apache-tomcat-8.5.78\webapps\manager]
08-Apr-2022 15:51:32.886 INFO [localhost-startStop-1] org.apache.catalina.startup.HostConfig.deployDirectory Deployment of web application directory [E:\Leonardo\apache-tomcat-8.5.78\webapps\manager] has finished in [35] ms
08-Apr-2022 15:51:32.886 INFO [localhost-startStop-1] org.apache.catalina.startup.HostConfig.deployDirectory Deploying web application directory [E:\Leonardo\apache-tomcat-8.5.78\webapps\ROOT]
08-Apr-2022 15:51:32.916 INFO [localhost-startStop-1] org.apache.catalina.startup.HostConfig.deployDirectory Deployment of web application directory [E:\Leonardo\apache-tomcat-8.5.78\webapps\ROOT] has finished in [30] ms
08-Apr-2022 15:51:32.920 INFO [main] org.apache.coyote.AbstractProtocol.start Starting ProtocolHandler ["http-nio-8080"]
08-Apr-2022 15:51:33.163 INFO [main] org.apache.catalina.startup.Catalina.start Server startup in 2176 ms
08-Apr-2022 15:51:42.142 WARNING [http-nio-8080-exec-5] org.apache.catalina.realm.LockOutRealm.filterLockedAccounts An attempt was made to authenticate the locked user []
08-Apr-2022 15:51:42.164 WARNING [http-nio-8080-exec-6] org.apache.catalina.realm.LockOutRealm.filterLockedAccounts An attempt was made to authenticate the locked user []
08-Apr-2022 15:51:49.304 WARNING [http-nio-8080-exec-9] org.apache.catalina.realm.LockOutRealm.filterLockedAccounts An attempt was made to authenticate the locked user []
08-Apr-2022 15:51:49.904 WARNING [http-nio-8080-exec-2] org.apache.catalina.realm.LockOutRealm.filterLockedAccounts An attempt was made to authenticate the locked user []
08-Apr-2022 15:51:50.272 WARNING [http-nio-8080-exec-1] org.apache.catalina.realm.LockOutRealm.filterLockedAccounts An attempt was made to authenticate the locked user []
08-Apr-2022 15:51:50.275 WARNING [http-nio-8080-exec-5] org.apache.catalina.realm.LockOutRealm.filterLockedAccounts An attempt was made to authenticate the locked user []
08-Apr-2022 15:57:44.737 WARNING [http-nio-8080-exec-5] org.apache.catalina.realm.LockOutRealm.filterLockedAccounts An attempt was made to authenticate the locked user []
08-Apr-2022 15:57:45.050 WARNING [http-nio-8080-exec-10] org.apache.catalina.realm.LockOutRealm.filterLockedAccounts An attempt was made to authenticate the locked user []
08-Apr-2022 15:57:45.235 WARNING [http-nio-8080-exec-7] org.apache.catalina.realm.LockOutRealm.filterLockedAccounts An attempt was made to authenticate the locked user []
08-Apr-2022 15:58:22.601 WARNING [http-nio-8080-exec-6] org.apache.catalina.realm.LockOutRealm.filterLockedAccounts An attempt was made to authenticate the locked user []
08-Apr-2022 15:58:22.604 WARNING [http-nio-8080-exec-7] org.apache.catalina.realm.LockOutRealm.filterLockedAccounts An attempt was made to authenticate the locked user []
08-Apr-2022 15:58:29.359 WARNING [http-nio-8080-exec-6] org.apache.catalina.realm.LockOutRealm.filterLockedAccounts An attempt was made to authenticate the locked user []
08-Apr-2022 15:58:29.362 WARNING [http-nio-8080-exec-7] org.apache.catalina.realm.LockOutRealm.filterLockedAccounts An attempt was made to authenticate the locked user []
08-Apr-2022 17:57:40.719 INFO [main] org.apache.catalina.core.StandardServer.await A valid shutdown command was received via the shutdown port. Stopping the Server instance.
08-Apr-2022 17:57:40.722 INFO [main] org.apache.coyote.AbstractProtocol.pause Pausing ProtocolHandler ["http-nio-8080"]
08-Apr-2022 17:57:40.829 INFO [main] org.apache.catalina.core.StandardService.stopInternal Stopping service [Catalina]
08-Apr-2022 17:57:40.938 INFO [main] org.apache.coyote.AbstractProtocol.stop Stopping ProtocolHandler ["http-nio-8080"]
08-Apr-2022 17:57:40.954 INFO [main] org.apache.coyote.AbstractProtocol.destroy Destroying ProtocolHandler ["http-nio-8080"]
08-Apr-2022 20:11:47.196 INFO [main] org.apache.catalina.startup.VersionLoggerListener.log Server version name:   Apache Tomcat/8.5.78
08-Apr-2022 20:11:47.198 INFO [main] org.apache.catalina.startup.VersionLoggerListener.log Server built:          Mar 31 2022 16:05:28 UTC
08-Apr-2022 20:11:47.198 INFO [main] org.apache.catalina.startup.VersionLoggerListener.log Server version number: 8.5.78.0
08-Apr-2022 20:11:47.200 INFO [main] org.apache.catalina.startup.VersionLoggerListener.log OS Name:               Windows 10
08-Apr-2022 20:11:47.200 INFO [main] org.apache.catalina.startup.VersionLoggerListener.log OS Version:            10.0
08-Apr-2022 20:11:47.200 INFO [main] org.apache.catalina.startup.VersionLoggerListener.log Architecture:          amd64
08-Apr-2022 20:11:47.200 INFO [main] org.apache.catalina.startup.VersionLoggerListener.log Java Home:             C:\Program Files\Java\jdk1.8.0_231\jre
08-Apr-2022 20:11:47.200 INFO [main] org.apache.catalina.startup.VersionLoggerListener.log JVM Version:           1.8.0_231-b11
08-Apr-2022 20:11:47.201 INFO [main] org.apache.catalina.startup.VersionLoggerListener.log JVM Vendor:            Oracle Corporation
08-Apr-2022 20:11:47.201 INFO [main] org.apache.catalina.startup.VersionLoggerListener.log CATALINA_BASE:         E:\Leonardo\apache-tomcat-8.5.78
08-Apr-2022 20:11:47.201 INFO [main] org.apache.catalina.startup.VersionLoggerListener.log CATALINA_HOME:         E:\Leonardo\apache-tomcat-8.5.78
08-Apr-2022 20:11:47.201 INFO [main] org.apache.catalina.startup.VersionLoggerListener.log Command line argument: -Dcatalina.home=E:\Leonardo\apache-tomcat-8.5.78
08-Apr-2022 20:11:47.201 INFO [main] org.apache.catalina.startup.VersionLoggerListener.log Command line argument: -Dcatalina.base=E:\Leonardo\apache-tomcat-8.5.78
08-Apr-2022 20:11:47.201 INFO [main] org.apache.catalina.startup.VersionLoggerListener.log Command line argument: -Dignore.endorsed.dirs=E:\Leonardo\apache-tomcat-8.5.78\endorsed
08-Apr-2022 20:11:47.201 INFO [main] org.apache.catalina.startup.VersionLoggerListener.log Command line argument: -Djava.io.tmpdir=E:\Leonardo\apache-tomcat-8.5.78\temp
08-Apr-2022 20:11:47.201 INFO [main] org.apache.catalina.startup.VersionLoggerListener.log Command line argument: -Djava.util.logging.manager=org.apache.juli.ClassLoaderLogManager
08-Apr-2022 20:11:47.202 INFO [main] org.apache.catalina.startup.VersionLoggerListener.log Command line argument: -Djava.util.logging.config.file=E:\Leonardo\apache-tomcat-8.5.78\conf\logging.properties
08-Apr-2022 20:11:47.202 INFO [main] org.apache.catalina.startup.VersionLoggerListener.log Command line argument: exit
08-Apr-2022 20:11:47.202 INFO [main] org.apache.catalina.startup.VersionLoggerListener.log Command line argument: abort
08-Apr-2022 20:11:47.202 INFO [main] org.apache.catalina.startup.VersionLoggerListener.log Command line argument: -Xms128m
08-Apr-2022 20:11:47.203 INFO [main] org.apache.catalina.startup.VersionLoggerListener.log Command line argument: -Xmx256m
08-Apr-2022 20:11:47.203 INFO [main] org.apache.catalina.core.AprLifecycleListener.lifecycleEvent Loaded Apache Tomcat Native library [1.2.32] using APR version [1.7.0].
08-Apr-2022 20:11:47.203 INFO [main] org.apache.catalina.core.AprLifecycleListener.lifecycleEvent APR capabilities: IPv6 [true], sendfile [true], accept filters [false], random [true], UDS [{4}].
08-Apr-2022 20:11:47.203 INFO [main] org.apache.catalina.core.AprLifecycleListener.lifecycleEvent APR/OpenSSL configuration: useAprConnector [false], useOpenSSL [true]
08-Apr-2022 20:11:47.252 INFO [main] org.apache.catalina.core.AprLifecycleListener.initializeSSL OpenSSL successfully initialized [OpenSSL 1.1.1n  15 Mar 2022]
08-Apr-2022 20:11:47.569 INFO [main] org.apache.coyote.AbstractProtocol.init Initializing ProtocolHandler ["http-nio-8080"]
08-Apr-2022 20:11:47.675 INFO [main] org.apache.catalina.startup.Catalina.load Initialization processed in 1327 ms
08-Apr-2022 20:11:47.804 INFO [main] org.apache.catalina.core.StandardService.startInternal Starting service [Catalina]
08-Apr-2022 20:11:47.804 INFO [main] org.apache.catalina.core.StandardEngine.startInternal Starting Servlet engine: [Apache Tomcat/8.5.78]
08-Apr-2022 20:11:47.814 INFO [localhost-startStop-1] org.apache.catalina.startup.HostConfig.deployDirectory Deploying web application directory [E:\Leonardo\apache-tomcat-8.5.78\webapps\docs]
08-Apr-2022 20:11:48.566 INFO [localhost-startStop-1] org.apache.catalina.startup.HostConfig.deployDirectory Deployment of web application directory [E:\Leonardo\apache-tomcat-8.5.78\webapps\docs] has finished in [752] ms
08-Apr-2022 20:11:48.567 INFO [localhost-startStop-1] org.apache.catalina.startup.HostConfig.deployDirectory Deploying web application directory [E:\Leonardo\apache-tomcat-8.5.78\webapps\examples]
08-Apr-2022 20:11:48.963 INFO [localhost-startStop-1] org.apache.catalina.startup.HostConfig.deployDirectory Deployment of web application directory [E:\Leonardo\apache-tomcat-8.5.78\webapps\examples] has finished in [396] ms
08-Apr-2022 20:11:48.964 INFO [localhost-startStop-1] org.apache.catalina.startup.HostConfig.deployDirectory Deploying web application directory [E:\Leonardo\apache-tomcat-8.5.78\webapps\host-manager]
08-Apr-2022 20:11:48.997 INFO [localhost-startStop-1] org.apache.catalina.startup.HostConfig.deployDirectory Deployment of web application directory [E:\Leonardo\apache-tomcat-8.5.78\webapps\host-manager] has finished in [33] ms
08-Apr-2022 20:11:48.998 INFO [localhost-startStop-1] org.apache.catalina.startup.HostConfig.deployDirectory Deploying web application directory [E:\Leonardo\apache-tomcat-8.5.78\webapps\manager]
08-Apr-2022 20:11:49.023 INFO [localhost-startStop-1] org.apache.catalina.startup.HostConfig.deployDirectory Deployment of web application directory [E:\Leonardo\apache-tomcat-8.5.78\webapps\manager] has finished in [25] ms
08-Apr-2022 20:11:49.031 INFO [localhost-startStop-1] org.apache.catalina.startup.HostConfig.deployDirectory Deploying web application directory [E:\Leonardo\apache-tomcat-8.5.78\webapps\ROOT]
08-Apr-2022 20:11:49.053 INFO [localhost-startStop-1] org.apache.catalina.startup.HostConfig.deployDirectory Deployment of web application directory [E:\Leonardo\apache-tomcat-8.5.78\webapps\ROOT] has finished in [30] ms
08-Apr-2022 20:11:49.055 INFO [main] org.apache.coyote.AbstractProtocol.start Starting ProtocolHandler ["http-nio-8080"]
08-Apr-2022 20:11:49.226 INFO [main] org.apache.catalina.startup.Catalina.start Server startup in 1550 ms
08-Apr-2022 20:18:11.387 INFO [Thread-4] org.apache.coyote.AbstractProtocol.pause Pausing ProtocolHandler ["http-nio-8080"]
08-Apr-2022 20:18:11.463 INFO [Thread-4] org.apache.catalina.core.StandardService.stopInternal Stopping service [Catalina]
08-Apr-2022 20:18:11.542 INFO [Thread-4] org.apache.coyote.AbstractProtocol.stop Stopping ProtocolHandler ["http-nio-8080"]
08-Apr-2022 20:18:11.552 INFO [Thread-4] org.apache.coyote.AbstractProtocol.destroy Destroying ProtocolHandler ["http-nio-8080"]
