[2022-04-09 18:23:14] [info]  [ 6728] Apache Commons Daemon procrun (1.3.0.0 64-bit) started.
[2022-04-09 18:23:14] [info]  [ 6728] Debugging 'tomcat8' service...
[2022-04-09 18:23:14] [info]  [ 6728] Starting service...
[2022-04-09 18:23:16] [info]  [ 6728] Service started in 1256 milliseconds.
[2022-04-09 18:28:34] [info]  [ 1948] Console CTRL+CLOSE event signaled.
[2022-04-09 18:28:35] [info]  [ 1948] Stopping service...
[2022-04-09 18:43:43] [info]  [11808] Apache Commons Daemon procrun (1.3.0.0 64-bit) started.
[2022-04-09 18:43:43] [info]  [11808] Debugging 'tomcat8' service...
[2022-04-09 18:43:43] [info]  [11808] Starting service...
[2022-04-09 18:43:45] [info]  [11808] Service started in 1154 milliseconds.
[2022-04-09 18:43:45] [info]  [11808] Debug service finished with exit code 0.
[2022-04-09 18:43:45] [info]  [11808] Apache Commons Daemon procrun finished.
[2022-04-09 18:43:55] [info]  [ 9288] Apache Commons Daemon procrun (1.3.0.0 64-bit) started.
[2022-04-09 18:43:55] [info]  [ 9288] Debugging 'tomcat8' service...
[2022-04-09 18:43:55] [info]  [ 9288] Starting service...
[2022-04-09 18:43:56] [info]  [ 9288] Service started in 1155 milliseconds.
[2022-04-09 18:43:56] [info]  [ 9288] Debug service finished with exit code 0.
[2022-04-09 18:43:56] [info]  [ 9288] Apache Commons Daemon procrun finished.
[2022-04-09 18:44:01] [info]  [ 5968] Apache Commons Daemon procrun (1.3.0.0 64-bit) started.
[2022-04-09 18:44:01] [info]  [ 5968] Debugging 'tomcat8' service...
[2022-04-09 18:44:01] [info]  [ 5968] Starting service...
[2022-04-09 18:44:03] [info]  [ 5968] Service started in 1161 milliseconds.
[2022-04-09 18:44:03] [info]  [ 5968] Debug service finished with exit code 0.
[2022-04-09 18:44:03] [info]  [ 5968] Apache Commons Daemon procrun finished.
